<?xml version="1.0" encoding="UTF-8" ?>
<testsuite tests="1" failures="0" name="TestForPayslipServiceFixture" time="1.166" errors="0" skipped="0">
  <properties>
    <property name="idea.version" value="14.0.2"/>
    <property name="java.runtime.name" value="Java(TM) SE Runtime Environment"/>
    <property name="sun.boot.library.path" value="C:\Program Files\Java\jdk1.8.0_31\jre\bin"/>
    <property name="java.vm.version" value="25.31-b07"/>
    <property name="java.vm.vendor" value="Oracle Corporation"/>
    <property name="java.vendor.url" value="http://java.oracle.com/"/>
    <property name="path.separator" value=";"/>
    <property name="guice.disable.misplaced.annotation.check" value="true"/>
    <property name="java.vm.name" value="Java HotSpot(TM) 64-Bit Server VM"/>
    <property name="file.encoding.pkg" value="sun.io"/>
    <property name="idea.launcher.port" value="7536"/>
    <property name="user.script" value=""/>
    <property name="user.country" value="AU"/>
    <property name="sun.java.launcher" value="SUN_STANDARD"/>
    <property name="sun.os.patch.level" value="Service Pack 1"/>
    <property name="java.vm.specification.name" value="Java Virtual Machine Specification"/>
    <property name="user.dir" value="C:\workspace\payslip"/>
    <property name="java.runtime.version" value="1.8.0_31-b13"/>
    <property name="java.awt.graphicsenv" value="sun.awt.Win32GraphicsEnvironment"/>
    <property name="basedir" value="C:\workspace\payslip"/>
    <property name="java.endorsed.dirs" value="C:\Program Files\Java\jdk1.8.0_31\jre\lib\endorsed"/>
    <property name="os.arch" value="amd64"/>
    <property name="java.io.tmpdir" value="C:\Users\Lenovo\AppData\Local\Temp\"/>
    <property name="line.separator" value="
"/>
    <property name="java.vm.specification.vendor" value="Oracle Corporation"/>
    <property name="user.variant" value=""/>
    <property name="os.name" value="Windows 7"/>
    <property name="classworlds.conf" value="C:\springsource\apache-maven-3.0.4\bin\m2.conf"/>
    <property name="sun.jnu.encoding" value="Cp1252"/>
    <property name="java.library.path" value="C:\Program Files\Java\jdk1.8.0_31\bin;C:\Windows\Sun\Java\bin;C:\Windows\system32;C:\Windows;C:\activator-1.2.12-minimal;C:\Program Files (x86)\NVIDIA Corporation\PhysX\Common;C:\Program Files (x86)\Intel\iCLS Client\;C:\Program Files\Intel\iCLS Client\;C:\Program Files\Broadcom\Broadcom 802.11 Network Adapter\Driver;C:\Windows\system32;C:\Windows;C:\Windows\System32\Wbem;C:\Windows\System32\WindowsPowerShell\v1.0\;C:\Program Files\Intel\Intel(R) Management Engine Components\DAL;C:\Program Files\Intel\Intel(R) Management Engine Components\IPT;C:\Program Files (x86)\Intel\Intel(R) Management Engine Components\DAL;C:\Program Files (x86)\Intel\Intel(R) Management Engine Components\IPT;C:\Program Files\WIDCOMM\Bluetooth Software\;C:\Program Files\WIDCOMM\Bluetooth Software\syswow64;C:\Program Files (x86)\Intel\OpenCL SDK\2.0\bin\x86;C:\Program Files (x86)\Intel\OpenCL SDK\2.0\bin\x64;C:\Program Files (x86)\Lenovo\Access Connections\;C:\springsource\apache-maven-3.0.4\bin;C:\Program Files\Java\jdk1.8.0_31\bin;C:\grails-2.4.4\bin;%C:\Program Files\TortoiseSVN\bin;C:\Program Files\Microsoft\Web Platform Installer\;C:\Program Files\OpenVPN\bin;C:\Program Files\nodejs\;C:\Program Files (x86)\Git\cmd;C:\phantomjs-2.0.0-windows\bin;C:\Users\Lenovo\AppData\Roaming\npm;C:\phantomjs;C:\casperjs\batchbin;C:\Ruby193\bin;."/>
    <property name="surefire.test.class.path" value="C:\workspace\payslip\target\test-classes;C:\workspace\payslip\target\classes;C:\Users\Lenovo\.m2\repository\com\googlecode\clichemaven\cliche\110413\cliche-110413.jar;C:\Users\Lenovo\.m2\repository\joda-time\joda-time\2.7\joda-time-2.7.jar;C:\Users\Lenovo\.m2\repository\org\apache\commons\commons-csv\1.1\commons-csv-1.1.jar;C:\Users\Lenovo\.m2\repository\org\apache\commons\commons-lang3\3.3.2\commons-lang3-3.3.2.jar;C:\Users\Lenovo\.m2\repository\org\mockito\mockito-all\1.10.8\mockito-all-1.10.8.jar;C:\Users\Lenovo\.m2\repository\junit\junit\4.11\junit-4.11.jar;C:\Users\Lenovo\.m2\repository\org\hamcrest\hamcrest-core\1.3\hamcrest-core-1.3.jar;C:\Users\Lenovo\.m2\repository\org\concordion\concordion\1.4.7\concordion-1.4.7.jar;C:\Users\Lenovo\.m2\repository\xom\xom\1.2.5\xom-1.2.5.jar;C:\Users\Lenovo\.m2\repository\ognl\ognl\2.6.9\ognl-2.6.9.jar;C:\Users\Lenovo\.m2\repository\org\powermock\powermock-api-mockito\1.6.1\powermock-api-mockito-1.6.1.jar;C:\Users\Lenovo\.m2\repository\org\powermock\powermock-api-support\1.6.1\powermock-api-support-1.6.1.jar;C:\Users\Lenovo\.m2\repository\org\powermock\powermock-core\1.6.1\powermock-core-1.6.1.jar;C:\Users\Lenovo\.m2\repository\org\javassist\javassist\3.18.2-GA\javassist-3.18.2-GA.jar;C:\Users\Lenovo\.m2\repository\org\powermock\powermock-reflect\1.6.1\powermock-reflect-1.6.1.jar;C:\Users\Lenovo\.m2\repository\org\objenesis\objenesis\2.1\objenesis-2.1.jar;C:\Users\Lenovo\.m2\repository\org\powermock\powermock-module-junit4\1.5.1\powermock-module-junit4-1.5.1.jar;C:\Users\Lenovo\.m2\repository\org\powermock\powermock-module-junit4-common\1.5.1\powermock-module-junit4-common-1.5.1.jar;"/>
    <property name="java.specification.name" value="Java Platform API Specification"/>
    <property name="java.class.version" value="52.0"/>
    <property name="sun.management.compiler" value="HotSpot 64-Bit Tiered Compilers"/>
    <property name="os.version" value="6.1"/>
    <property name="user.home" value="C:\Users\Lenovo"/>
    <property name="user.timezone" value="Australia/Sydney"/>
    <property name="java.awt.printerjob" value="sun.awt.windows.WPrinterJob"/>
    <property name="java.specification.version" value="1.8"/>
    <property name="idea.launcher.bin.path" value="C:\Program Files (x86)\JetBrains\IntelliJ IDEA 14.0.2\bin"/>
    <property name="file.encoding" value="UTF-8"/>
    <property name="user.name" value="Lenovo"/>
    <property name="java.class.path" value="C:\springsource\apache-maven-3.0.4\boot\plexus-classworlds-2.4.jar;C:\Program Files (x86)\JetBrains\IntelliJ IDEA 14.0.2\lib\idea_rt.jar"/>
    <property name="concordion.output.dir" value="target/specs"/>
    <property name="java.vm.specification.version" value="1.8"/>
    <property name="sun.arch.data.model" value="64"/>
    <property name="java.home" value="C:\Program Files\Java\jdk1.8.0_31\jre"/>
    <property name="sun.java.command" value="com.intellij.rt.execution.application.AppMain org.codehaus.classworlds.Launcher -Didea.version=14.0.2 clean install assembly:assembly"/>
    <property name="java.specification.vendor" value="Oracle Corporation"/>
    <property name="user.language" value="en"/>
    <property name="awt.toolkit" value="sun.awt.windows.WToolkit"/>
    <property name="java.vm.info" value="mixed mode"/>
    <property name="java.version" value="1.8.0_31"/>
    <property name="java.ext.dirs" value="C:\Program Files\Java\jdk1.8.0_31\jre\lib\ext;C:\Windows\Sun\Java\lib\ext"/>
    <property name="sun.boot.class.path" value="C:\Program Files\Java\jdk1.8.0_31\jre\lib\resources.jar;C:\Program Files\Java\jdk1.8.0_31\jre\lib\rt.jar;C:\Program Files\Java\jdk1.8.0_31\jre\lib\sunrsasign.jar;C:\Program Files\Java\jdk1.8.0_31\jre\lib\jsse.jar;C:\Program Files\Java\jdk1.8.0_31\jre\lib\jce.jar;C:\Program Files\Java\jdk1.8.0_31\jre\lib\charsets.jar;C:\Program Files\Java\jdk1.8.0_31\jre\lib\jfr.jar;C:\Program Files\Java\jdk1.8.0_31\jre\classes"/>
    <property name="java.vendor" value="Oracle Corporation"/>
    <property name="maven.home" value="C:\springsource\apache-maven-3.0.4"/>
    <property name="localRepository" value="C:\Users\Lenovo\.m2\repository"/>
    <property name="file.separator" value="\"/>
    <property name="java.vendor.url.bug" value="http://bugreport.sun.com/bugreport/"/>
    <property name="sun.cpu.endian" value="little"/>
    <property name="sun.io.unicode.encoding" value="UnicodeLittle"/>
    <property name="sun.desktop" value="windows"/>
    <property name="sun.cpu.isalist" value="amd64"/>
  </properties>
  <testcase classname="TestForPayslipServiceFixture" name="[Concordion Specification for &apos;TestForPayslipServiceFixture" time="1.166"/>
</testsuite>